<?xml version="1.0" encoding="UTF-8"?>
<!-- Generated by org.testng.reporters.JUnitXMLReporter -->
<testsuite ignored="0" hostname="YUSUF-MSI" failures="0" tests="3" name="Submit Order Test" time="40.17" errors="0" timestamp="2024-05-15T03:46:11 IST">
  <testcase classname="companyname.Project_SeleniumFrameworkTests.SubmitOrderTest" name="submitOrder" time="14.805"/>
  <testcase classname="companyname.Project_SeleniumFrameworkTests.SubmitOrderTest" name="submitOrder" time="14.915"/>
  <testcase classname="companyname.Project_SeleniumFrameworkTests.SubmitOrderTest" name="OrderHistoryTest" time="0.762"/>
</testsuite> <!-- Submit Order Test -->
