<?xml version="1.0" encoding="UTF-8"?>
<!-- Generated by org.testng.reporters.JUnitXMLReporter -->
<testsuite ignored="0" hostname="YUSUF-MSI" failures="0" tests="2" name="Error Validation Test" time="21.216" errors="0" timestamp="2024-07-05T05:50:20 IST">
  <testcase classname="companyname.Project_SeleniumFrameworkTests.ErrorValidations" name="LoginErrorValidation" time="0.988"/>
  <testcase classname="companyname.Project_SeleniumFrameworkTests.ErrorValidations" name="ProductErrorValidation" time="14.079"/>
</testsuite> <!-- Error Validation Test -->
